Arguments: 
  /opt/homebrew/Cellar/node@14/14.18.3/bin/node /opt/homebrew/bin/yarn add openzeppelin-solidit

PATH: 
  /usr/local/opt/node@14/bin:/Users/chas13/.sdkman/candidates/java/current/bin:/Users/chas13//Library/Android/sdk/tools/bin:/Users/chas13//Library/Android/sdk/tools:/Users/chas13//Library/Android/sdk/platform-tools:/opt/homebrew/bin:/opt/homebrew/sbin:/usr/local/bin:/usr/bin:/bin:/usr/sbin:/sbin:/Library/Apple/usr/bin

Yarn version: 
  1.22.11

Node version: 
  14.18.3

Platform: 
  darwin arm64

Trace: 
  Error: https://registry.yarnpkg.com/openzeppelin-solidit: Not found
      at Request.params.callback [as _callback] (/opt/homebrew/lib/node_modules/yarn/lib/cli.js:66992:18)
      at Request.self.callback (/opt/homebrew/lib/node_modules/yarn/lib/cli.js:140763:22)
      at Request.emit (events.js:400:28)
      at Request.<anonymous> (/opt/homebrew/lib/node_modules/yarn/lib/cli.js:141735:10)
      at Request.emit (events.js:400:28)
      at IncomingMessage.<anonymous> (/opt/homebrew/lib/node_modules/yarn/lib/cli.js:141657:12)
      at Object.onceWrapper (events.js:519:28)
      at IncomingMessage.emit (events.js:412:35)
      at endReadableNT (internal/streams/readable.js:1334:12)
      at processTicksAndRejections (internal/process/task_queues.js:82:21)

npm manifest: 
  No manifest

yarn manifest: 
  No manifest

Lockfile: 
  No lockfile
